
> airdraw@0.0.0 predeploy
> npm run build


> airdraw@0.0.0 build
> vite build

vite v8.0.16 building client environment for production...
transforming...✓ 15 modules transformed.
rendering chunks...
computing gzip size...
dist/index.html                   9.88 kB │ gzip:   2.42 kB
dist/assets/index-Bys3UK8q.css    9.13 kB │ gzip:   2.52 kB
dist/assets/index-7oCxGu3S.js   603.86 kB │ gzip: 154.34 kB

✓ built in 709ms
[plugin builtin:vite-reporter] 
(!) Some chunks are larger than 500 kB after minification. Consider:
- Using dynamic import() to code-split the application
- Use build.rolldownOptions.output.codeSplitting to improve chunking: https://rolldown.rs/reference/OutputOptions.codeSplitting
- Adjust chunk size limit for this warning via build.chunkSizeWarningLimit.

> airdraw@0.0.0 deploy
> gh-pages -d dist

Published
