
> airdraw@0.0.0 predeploy
> npm run build


> airdraw@0.0.0 build
> vite build

vite v8.0.16 building client environment for production...
transforming...✓ 15 modules transformed.
rendering chunks...
computing gzip size...
dist/index.html                   9.28 kB │ gzip:   2.27 kB
dist/assets/index-BZirQPn8.css    7.95 kB │ gzip:   2.31 kB
dist/assets/index-CN5HtcRT.js   602.38 kB │ gzip: 153.96 kB

✓ built in 318ms
[plugin builtin:vite-reporter] 
(!) Some chunks are larger than 500 kB after minification. Consider:
- Using dynamic import() to code-split the application
- Use build.rolldownOptions.output.codeSplitting to improve chunking: https://rolldown.rs/reference/OutputOptions.codeSplitting
- Adjust chunk size limit for this warning via build.chunkSizeWarningLimit.

> airdraw@0.0.0 deploy
> gh-pages -d dist

Published
